mode: set
github.com/oliveagle/jsonpath/jsonpath.go:24.73,26.16 2 1
github.com/oliveagle/jsonpath/jsonpath.go:26.16,28.3 1 1
github.com/oliveagle/jsonpath/jsonpath.go:29.2,29.22 1 1
github.com/oliveagle/jsonpath/jsonpath.go:43.42,45.16 2 1
github.com/oliveagle/jsonpath/jsonpath.go:45.16,46.13 1 1
github.com/oliveagle/jsonpath/jsonpath.go:48.2,48.10 1 1
github.com/oliveagle/jsonpath/jsonpath.go:51.47,53.16 2 1
github.com/oliveagle/jsonpath/jsonpath.go:53.16,55.3 1 1
github.com/oliveagle/jsonpath/jsonpath.go:56.2,56.22 1 1
github.com/oliveagle/jsonpath/jsonpath.go:56.22,58.3 1 1
github.com/oliveagle/jsonpath/jsonpath.go:59.2,59.42 1 1
github.com/oliveagle/jsonpath/jsonpath.go:59.42,61.3 1 0
github.com/oliveagle/jsonpath/jsonpath.go:62.2,67.31 3 1
github.com/oliveagle/jsonpath/jsonpath.go:67.31,69.17 2 1
github.com/oliveagle/jsonpath/jsonpath.go:69.17,71.4 1 1
github.com/oliveagle/jsonpath/jsonpath.go:72.3,72.37 1 1
github.com/oliveagle/jsonpath/jsonpath.go:74.2,74.18 1 1
github.com/oliveagle/jsonpath/jsonpath.go:77.36,79.2 1 1
github.com/oliveagle/jsonpath/jsonpath.go:81.65,83.28 2 1
github.com/oliveagle/jsonpath/jsonpath.go:83.28,85.15 1 1
github.com/oliveagle/jsonpath/jsonpath.go:86.14,88.18 2 1
github.com/oliveagle/jsonpath/jsonpath.go:88.18,90.5 1 1
github.com/oliveagle/jsonpath/jsonpath.go:91.14,92.22 1 1
github.com/oliveagle/jsonpath/jsonpath.go:92.22,95.19 2 1
github.com/oliveagle/jsonpath/jsonpath.go:95.19,97.6 1 1
github.com/oliveagle/jsonpath/jsonpath.go:100.4,100.31 1 1
github.com/oliveagle/jsonpath/jsonpath.go:100.31,102.38 2 1
github.com/oliveagle/jsonpath/jsonpath.go:102.38,105.20 2 1
github.com/oliveagle/jsonpath/jsonpath.go:105.20,107.7 1 0
github.com/oliveagle/jsonpath/jsonpath.go:108.6,108.28 1 1
github.com/oliveagle/jsonpath/jsonpath.go:110.5,110.14 1 1
github.com/oliveagle/jsonpath/jsonpath.go:111.10,111.39 1 1
github.com/oliveagle/jsonpath/jsonpath.go:111.39,114.19 2 1
github.com/oliveagle/jsonpath/jsonpath.go:114.19,116.6 1 1
github.com/oliveagle/jsonpath/jsonpath.go:117.10,120.5 1 1
github.com/oliveagle/jsonpath/jsonpath.go:121.16,122.22 1 1
github.com/oliveagle/jsonpath/jsonpath.go:122.22,125.19 2 1
github.com/oliveagle/jsonpath/jsonpath.go:125.19,127.6 1 1
github.com/oliveagle/jsonpath/jsonpath.go:129.4,129.56 1 1
github.com/oliveagle/jsonpath/jsonpath.go:129.56,131.19 2 1
github.com/oliveagle/jsonpath/jsonpath.go:131.19,133.6 1 0
github.com/oliveagle/jsonpath/jsonpath.go:134.10,136.5 1 1
github.com/oliveagle/jsonpath/jsonpath.go:137.17,139.18 2 1
github.com/oliveagle/jsonpath/jsonpath.go:139.18,141.5 1 1
github.com/oliveagle/jsonpath/jsonpath.go:142.4,143.18 2 1
github.com/oliveagle/jsonpath/jsonpath.go:143.18,145.5 1 0
github.com/oliveagle/jsonpath/jsonpath.go:146.20,150.54 2 1
github.com/oliveagle/jsonpath/jsonpath.go:150.54,151.50 1 1
github.com/oliveagle/jsonpath/jsonpath.go:151.50,153.38 2 1
github.com/oliveagle/jsonpath/jsonpath.go:153.38,157.36 2 1
github.com/oliveagle/jsonpath/jsonpath.go:157.36,159.8 1 1
github.com/oliveagle/jsonpath/jsonpath.go:161.6,161.20 1 1
github.com/oliveagle/jsonpath/jsonpath.go:164.15,169.22 1 1
github.com/oliveagle/jsonpath/jsonpath.go:169.22,173.19 2 1
github.com/oliveagle/jsonpath/jsonpath.go:173.19,175.6 1 1
github.com/oliveagle/jsonpath/jsonpath.go:176.10,179.19 2 0
github.com/oliveagle/jsonpath/jsonpath.go:179.19,181.6 1 0
github.com/oliveagle/jsonpath/jsonpath.go:183.11,184.70 1 1
github.com/oliveagle/jsonpath/jsonpath.go:187.2,187.17 1 1
github.com/oliveagle/jsonpath/jsonpath.go:190.47,198.28 4 1
github.com/oliveagle/jsonpath/jsonpath.go:198.28,199.21 1 1
github.com/oliveagle/jsonpath/jsonpath.go:199.21,200.22 1 1
github.com/oliveagle/jsonpath/jsonpath.go:200.22,202.5 1 1
github.com/oliveagle/jsonpath/jsonpath.go:202.10,204.5 1 1
github.com/oliveagle/jsonpath/jsonpath.go:206.4,206.12 1 1
github.com/oliveagle/jsonpath/jsonpath.go:207.9,207.22 1 1
github.com/oliveagle/jsonpath/jsonpath.go:207.22,208.20 1 1
github.com/oliveagle/jsonpath/jsonpath.go:208.20,210.5 1 1
github.com/oliveagle/jsonpath/jsonpath.go:212.4,213.12 2 1
github.com/oliveagle/jsonpath/jsonpath.go:216.3,218.15 2 1
github.com/oliveagle/jsonpath/jsonpath.go:218.15,219.36 1 1
github.com/oliveagle/jsonpath/jsonpath.go:219.36,222.13 3 1
github.com/oliveagle/jsonpath/jsonpath.go:223.10,225.5 1 1
github.com/oliveagle/jsonpath/jsonpath.go:227.3,227.19 1 1
github.com/oliveagle/jsonpath/jsonpath.go:227.19,228.12 1 1
github.com/oliveagle/jsonpath/jsonpath.go:229.9,229.27 1 1
github.com/oliveagle/jsonpath/jsonpath.go:229.27,230.57 1 1
github.com/oliveagle/jsonpath/jsonpath.go:230.57,232.5 1 1
github.com/oliveagle/jsonpath/jsonpath.go:233.4,234.12 2 1
github.com/oliveagle/jsonpath/jsonpath.go:235.9,237.36 1 1
github.com/oliveagle/jsonpath/jsonpath.go:237.36,239.53 1 1
github.com/oliveagle/jsonpath/jsonpath.go:239.53,240.25 1 1
github.com/oliveagle/jsonpath/jsonpath.go:240.25,242.7 1 1
github.com/oliveagle/jsonpath/jsonpath.go:242.12,244.7 1 1
github.com/oliveagle/jsonpath/jsonpath.go:245.6,246.14 2 1
github.com/oliveagle/jsonpath/jsonpath.go:248.10,250.17 1 1
github.com/oliveagle/jsonpath/jsonpath.go:250.17,251.25 1 1
github.com/oliveagle/jsonpath/jsonpath.go:251.25,253.7 1 1
github.com/oliveagle/jsonpath/jsonpath.go:253.12,255.7 1 1
github.com/oliveagle/jsonpath/jsonpath.go:256.6,257.14 2 1
github.com/oliveagle/jsonpath/jsonpath.go:263.2,263.20 1 1
github.com/oliveagle/jsonpath/jsonpath.go:263.20,265.3 1 1
github.com/oliveagle/jsonpath/jsonpath.go:267.2,267.20 1 1
github.com/oliveagle/jsonpath/jsonpath.go:267.20,268.22 1 1
github.com/oliveagle/jsonpath/jsonpath.go:268.22,270.20 2 1
github.com/oliveagle/jsonpath/jsonpath.go:270.20,272.5 1 1
github.com/oliveagle/jsonpath/jsonpath.go:272.10,272.63 1 1
github.com/oliveagle/jsonpath/jsonpath.go:272.64,275.5 0 1
github.com/oliveagle/jsonpath/jsonpath.go:275.10,275.43 1 1
github.com/oliveagle/jsonpath/jsonpath.go:275.43,277.5 1 1
github.com/oliveagle/jsonpath/jsonpath.go:278.9,279.20 1 1
github.com/oliveagle/jsonpath/jsonpath.go:279.20,281.5 1 1
github.com/oliveagle/jsonpath/jsonpath.go:281.10,281.63 1 0
github.com/oliveagle/jsonpath/jsonpath.go:281.64,284.5 0 0
github.com/oliveagle/jsonpath/jsonpath.go:284.10,284.43 1 0
github.com/oliveagle/jsonpath/jsonpath.go:284.43,286.5 1 0
github.com/oliveagle/jsonpath/jsonpath.go:291.2,291.20 1 1
github.com/oliveagle/jsonpath/jsonpath.go:297.85,298.18 1 1
github.com/oliveagle/jsonpath/jsonpath.go:298.18,300.3 1 1
github.com/oliveagle/jsonpath/jsonpath.go:301.2,301.18 1 1
github.com/oliveagle/jsonpath/jsonpath.go:301.18,303.3 1 1
github.com/oliveagle/jsonpath/jsonpath.go:304.2,304.19 1 1
github.com/oliveagle/jsonpath/jsonpath.go:304.19,306.3 1 1
github.com/oliveagle/jsonpath/jsonpath.go:308.2,309.21 2 1
github.com/oliveagle/jsonpath/jsonpath.go:309.21,311.37 1 1
github.com/oliveagle/jsonpath/jsonpath.go:311.37,314.4 2 1
github.com/oliveagle/jsonpath/jsonpath.go:315.3,315.32 1 1
github.com/oliveagle/jsonpath/jsonpath.go:316.8,319.20 3 1
github.com/oliveagle/jsonpath/jsonpath.go:319.20,322.4 2 1
github.com/oliveagle/jsonpath/jsonpath.go:323.3,326.35 2 1
github.com/oliveagle/jsonpath/jsonpath.go:326.35,333.86 4 1
github.com/oliveagle/jsonpath/jsonpath.go:333.86,337.5 2 1
github.com/oliveagle/jsonpath/jsonpath.go:338.4,339.10 2 1
github.com/oliveagle/jsonpath/jsonpath.go:340.9,340.41 1 1
github.com/oliveagle/jsonpath/jsonpath.go:340.41,344.23 3 1
github.com/oliveagle/jsonpath/jsonpath.go:344.23,347.5 2 0
github.com/oliveagle/jsonpath/jsonpath.go:348.4,350.72 3 1
github.com/oliveagle/jsonpath/jsonpath.go:350.72,351.42 1 1
github.com/oliveagle/jsonpath/jsonpath.go:351.42,353.6 1 1
github.com/oliveagle/jsonpath/jsonpath.go:354.5,354.14 1 1
github.com/oliveagle/jsonpath/jsonpath.go:356.4,356.71 1 1
github.com/oliveagle/jsonpath/jsonpath.go:356.71,357.42 1 1
github.com/oliveagle/jsonpath/jsonpath.go:357.42,359.6 1 1
github.com/oliveagle/jsonpath/jsonpath.go:360.5,360.13 1 1
github.com/oliveagle/jsonpath/jsonpath.go:362.4,363.10 2 1
github.com/oliveagle/jsonpath/jsonpath.go:364.9,364.25 1 1
github.com/oliveagle/jsonpath/jsonpath.go:364.25,368.4 3 1
github.com/oliveagle/jsonpath/jsonpath.go:368.9,372.47 3 1
github.com/oliveagle/jsonpath/jsonpath.go:372.47,373.65 1 1
github.com/oliveagle/jsonpath/jsonpath.go:373.65,375.6 1 1
github.com/oliveagle/jsonpath/jsonpath.go:375.11,377.6 1 0
github.com/oliveagle/jsonpath/jsonpath.go:379.4,379.14 1 1
github.com/oliveagle/jsonpath/jsonpath.go:382.2,382.27 1 1
github.com/oliveagle/jsonpath/jsonpath.go:385.87,389.16 2 1
github.com/oliveagle/jsonpath/jsonpath.go:389.16,391.3 1 1
github.com/oliveagle/jsonpath/jsonpath.go:392.2,392.40 1 1
github.com/oliveagle/jsonpath/jsonpath.go:392.40,394.3 1 0
github.com/oliveagle/jsonpath/jsonpath.go:395.2,398.26 3 1
github.com/oliveagle/jsonpath/jsonpath.go:398.26,400.17 2 1
github.com/oliveagle/jsonpath/jsonpath.go:400.17,402.4 1 1
github.com/oliveagle/jsonpath/jsonpath.go:404.3,404.13 1 1
github.com/oliveagle/jsonpath/jsonpath.go:405.14,407.18 2 1
github.com/oliveagle/jsonpath/jsonpath.go:407.18,409.5 1 1
github.com/oliveagle/jsonpath/jsonpath.go:410.14,411.30 1 1
github.com/oliveagle/jsonpath/jsonpath.go:411.30,413.5 1 0
github.com/oliveagle/jsonpath/jsonpath.go:414.4,415.18 2 1
github.com/oliveagle/jsonpath/jsonpath.go:415.18,417.5 1 0
github.com/oliveagle/jsonpath/jsonpath.go:418.4,419.18 2 1
github.com/oliveagle/jsonpath/jsonpath.go:419.18,421.5 1 1
github.com/oliveagle/jsonpath/jsonpath.go:422.15,425.18 2 1
github.com/oliveagle/jsonpath/jsonpath.go:425.18,427.5 1 1
github.com/oliveagle/jsonpath/jsonpath.go:428.4,429.18 2 1
github.com/oliveagle/jsonpath/jsonpath.go:429.18,431.5 1 0
github.com/oliveagle/jsonpath/jsonpath.go:432.11,433.77 1 0
github.com/oliveagle/jsonpath/jsonpath.go:436.2,436.18 1 1
github.com/oliveagle/jsonpath/jsonpath.go:439.64,440.32 1 1
github.com/oliveagle/jsonpath/jsonpath.go:440.32,442.3 1 1
github.com/oliveagle/jsonpath/jsonpath.go:443.2,444.22 2 1
github.com/oliveagle/jsonpath/jsonpath.go:445.19,449.54 1 1
github.com/oliveagle/jsonpath/jsonpath.go:449.54,451.15 2 1
github.com/oliveagle/jsonpath/jsonpath.go:451.15,453.5 1 1
github.com/oliveagle/jsonpath/jsonpath.go:454.4,454.19 1 1
github.com/oliveagle/jsonpath/jsonpath.go:456.3,456.38 1 1
github.com/oliveagle/jsonpath/jsonpath.go:456.38,458.26 1 1
github.com/oliveagle/jsonpath/jsonpath.go:458.26,460.5 1 1
github.com/oliveagle/jsonpath/jsonpath.go:462.3,462.67 1 0
github.com/oliveagle/jsonpath/jsonpath.go:463.21,466.16 1 1
github.com/oliveagle/jsonpath/jsonpath.go:466.16,468.4 1 1
github.com/oliveagle/jsonpath/jsonpath.go:469.3,470.36 2 1
github.com/oliveagle/jsonpath/jsonpath.go:470.36,472.47 2 1
github.com/oliveagle/jsonpath/jsonpath.go:472.47,474.5 1 1
github.com/oliveagle/jsonpath/jsonpath.go:476.3,476.18 1 1
github.com/oliveagle/jsonpath/jsonpath.go:477.19,481.27 2 1
github.com/oliveagle/jsonpath/jsonpath.go:481.27,483.4 1 0
github.com/oliveagle/jsonpath/jsonpath.go:485.3,485.45 1 1
github.com/oliveagle/jsonpath/jsonpath.go:486.25,490.45 2 0
github.com/oliveagle/jsonpath/jsonpath.go:491.22,492.41 1 1
github.com/oliveagle/jsonpath/jsonpath.go:492.41,497.68 3 1
github.com/oliveagle/jsonpath/jsonpath.go:497.68,499.17 2 1
github.com/oliveagle/jsonpath/jsonpath.go:499.17,501.6 1 1
github.com/oliveagle/jsonpath/jsonpath.go:502.10,503.32 1 1
github.com/oliveagle/jsonpath/jsonpath.go:503.32,505.6 1 1
github.com/oliveagle/jsonpath/jsonpath.go:507.5,507.54 1 1
github.com/oliveagle/jsonpath/jsonpath.go:507.54,509.38 2 1
github.com/oliveagle/jsonpath/jsonpath.go:509.38,512.66 1 1
github.com/oliveagle/jsonpath/jsonpath.go:512.66,513.13 1 1
github.com/oliveagle/jsonpath/jsonpath.go:515.7,515.53 1 1
github.com/oliveagle/jsonpath/jsonpath.go:515.53,517.8 1 1
github.com/oliveagle/jsonpath/jsonpath.go:523.3,523.67 1 1
github.com/oliveagle/jsonpath/jsonpath.go:524.10,525.46 1 1
github.com/oliveagle/jsonpath/jsonpath.go:529.61,530.36 1 1
github.com/oliveagle/jsonpath/jsonpath.go:531.21,533.15 2 1
github.com/oliveagle/jsonpath/jsonpath.go:533.15,534.21 1 1
github.com/oliveagle/jsonpath/jsonpath.go:534.21,536.5 1 1
github.com/oliveagle/jsonpath/jsonpath.go:537.4,537.59 1 1
github.com/oliveagle/jsonpath/jsonpath.go:538.9,541.16 2 1
github.com/oliveagle/jsonpath/jsonpath.go:541.16,543.5 1 1
github.com/oliveagle/jsonpath/jsonpath.go:544.4,544.60 1 1
github.com/oliveagle/jsonpath/jsonpath.go:546.10,547.48 1 1
github.com/oliveagle/jsonpath/jsonpath.go:551.63,552.36 1 1
github.com/oliveagle/jsonpath/jsonpath.go:553.21,557.17 4 1
github.com/oliveagle/jsonpath/jsonpath.go:557.17,559.4 1 1
github.com/oliveagle/jsonpath/jsonpath.go:560.3,560.16 1 1
github.com/oliveagle/jsonpath/jsonpath.go:560.16,562.4 1 1
github.com/oliveagle/jsonpath/jsonpath.go:563.3,563.38 1 1
github.com/oliveagle/jsonpath/jsonpath.go:563.38,564.14 1 1
github.com/oliveagle/jsonpath/jsonpath.go:564.14,566.5 1 1
github.com/oliveagle/jsonpath/jsonpath.go:566.10,568.5 1 1
github.com/oliveagle/jsonpath/jsonpath.go:570.3,570.37 1 1
github.com/oliveagle/jsonpath/jsonpath.go:570.37,571.14 1 1
github.com/oliveagle/jsonpath/jsonpath.go:571.14,573.5 1 1
github.com/oliveagle/jsonpath/jsonpath.go:573.10,575.5 1 1
github.com/oliveagle/jsonpath/jsonpath.go:577.3,577.33 1 1
github.com/oliveagle/jsonpath/jsonpath.go:577.33,579.4 1 1
github.com/oliveagle/jsonpath/jsonpath.go:581.3,581.14 1 1
github.com/oliveagle/jsonpath/jsonpath.go:581.14,583.4 1 1
github.com/oliveagle/jsonpath/jsonpath.go:584.3,584.19 1 1
github.com/oliveagle/jsonpath/jsonpath.go:584.19,586.4 1 1
github.com/oliveagle/jsonpath/jsonpath.go:588.3,589.32 2 1
github.com/oliveagle/jsonpath/jsonpath.go:590.19,593.54 2 1
github.com/oliveagle/jsonpath/jsonpath.go:593.54,594.30 1 1
github.com/oliveagle/jsonpath/jsonpath.go:594.30,596.5 1 1
github.com/oliveagle/jsonpath/jsonpath.go:597.4,597.19 1 1
github.com/oliveagle/jsonpath/jsonpath.go:599.3,600.26 2 0
github.com/oliveagle/jsonpath/jsonpath.go:600.26,602.4 1 0
github.com/oliveagle/jsonpath/jsonpath.go:603.3,603.18 1 0
github.com/oliveagle/jsonpath/jsonpath.go:604.10,605.48 1 1
github.com/oliveagle/jsonpath/jsonpath.go:609.60,611.21 2 1
github.com/oliveagle/jsonpath/jsonpath.go:611.21,613.3 1 1
github.com/oliveagle/jsonpath/jsonpath.go:615.2,615.51 1 1
github.com/oliveagle/jsonpath/jsonpath.go:615.51,617.3 1 1
github.com/oliveagle/jsonpath/jsonpath.go:618.2,619.38 2 1
github.com/oliveagle/jsonpath/jsonpath.go:622.80,624.16 2 1
github.com/oliveagle/jsonpath/jsonpath.go:624.16,626.3 1 0
github.com/oliveagle/jsonpath/jsonpath.go:628.2,630.36 2 1
github.com/oliveagle/jsonpath/jsonpath.go:631.21,632.17 1 1
github.com/oliveagle/jsonpath/jsonpath.go:632.17,635.18 2 1
github.com/oliveagle/jsonpath/jsonpath.go:635.18,637.5 1 0
github.com/oliveagle/jsonpath/jsonpath.go:639.4,639.52 1 1
github.com/oliveagle/jsonpath/jsonpath.go:639.52,642.19 3 1
github.com/oliveagle/jsonpath/jsonpath.go:642.19,644.6 1 0
github.com/oliveagle/jsonpath/jsonpath.go:645.5,645.19 1 1
github.com/oliveagle/jsonpath/jsonpath.go:645.19,647.6 1 1
github.com/oliveagle/jsonpath/jsonpath.go:649.9,650.52 1 1
github.com/oliveagle/jsonpath/jsonpath.go:650.52,653.19 3 1
github.com/oliveagle/jsonpath/jsonpath.go:653.19,655.6 1 0
github.com/oliveagle/jsonpath/jsonpath.go:656.5,656.19 1 1
github.com/oliveagle/jsonpath/jsonpath.go:656.19,658.6 1 1
github.com/oliveagle/jsonpath/jsonpath.go:661.3,661.18 1 1
github.com/oliveagle/jsonpath/jsonpath.go:662.19,663.17 1 1
github.com/oliveagle/jsonpath/jsonpath.go:663.17,666.18 2 1
github.com/oliveagle/jsonpath/jsonpath.go:666.18,668.5 1 0
github.com/oliveagle/jsonpath/jsonpath.go:670.4,670.54 1 1
github.com/oliveagle/jsonpath/jsonpath.go:670.54,673.19 3 1
github.com/oliveagle/jsonpath/jsonpath.go:673.19,675.6 1 0
github.com/oliveagle/jsonpath/jsonpath.go:676.5,676.19 1 1
github.com/oliveagle/jsonpath/jsonpath.go:676.19,678.6 1 0
github.com/oliveagle/jsonpath/jsonpath.go:680.9,681.54 1 1
github.com/oliveagle/jsonpath/jsonpath.go:681.54,684.19 3 1
github.com/oliveagle/jsonpath/jsonpath.go:684.19,686.6 1 0
github.com/oliveagle/jsonpath/jsonpath.go:687.5,687.19 1 1
github.com/oliveagle/jsonpath/jsonpath.go:687.19,689.6 1 1
github.com/oliveagle/jsonpath/jsonpath.go:692.10,693.94 1 1
github.com/oliveagle/jsonpath/jsonpath.go:696.2,696.17 1 1
github.com/oliveagle/jsonpath/jsonpath.go:699.53,700.32 1 1
github.com/oliveagle/jsonpath/jsonpath.go:700.32,702.3 1 1
github.com/oliveagle/jsonpath/jsonpath.go:703.2,703.36 1 1
github.com/oliveagle/jsonpath/jsonpath.go:704.19,707.54 2 1
github.com/oliveagle/jsonpath/jsonpath.go:707.54,709.27 2 1
github.com/oliveagle/jsonpath/jsonpath.go:709.27,711.5 1 1
github.com/oliveagle/jsonpath/jsonpath.go:712.4,712.47 1 1
github.com/oliveagle/jsonpath/jsonpath.go:712.47,713.49 1 1
github.com/oliveagle/jsonpath/jsonpath.go:713.49,715.6 1 0
github.com/oliveagle/jsonpath/jsonpath.go:716.5,716.41 1 1
github.com/oliveagle/jsonpath/jsonpath.go:718.4,718.33 1 1
github.com/oliveagle/jsonpath/jsonpath.go:718.33,720.5 1 1
github.com/oliveagle/jsonpath/jsonpath.go:721.4,721.19 1 1
github.com/oliveagle/jsonpath/jsonpath.go:723.3,724.40 2 1
github.com/oliveagle/jsonpath/jsonpath.go:724.40,726.26 2 1
github.com/oliveagle/jsonpath/jsonpath.go:726.26,728.5 1 0
github.com/oliveagle/jsonpath/jsonpath.go:729.4,729.18 1 1
github.com/oliveagle/jsonpath/jsonpath.go:731.3,731.26 1 1
github.com/oliveagle/jsonpath/jsonpath.go:731.26,733.4 1 1
github.com/oliveagle/jsonpath/jsonpath.go:734.3,734.18 1 1
github.com/oliveagle/jsonpath/jsonpath.go:735.21,738.51 2 1
github.com/oliveagle/jsonpath/jsonpath.go:738.51,741.18 3 1
github.com/oliveagle/jsonpath/jsonpath.go:741.18,743.5 1 0
github.com/oliveagle/jsonpath/jsonpath.go:744.4,744.48 1 1
github.com/oliveagle/jsonpath/jsonpath.go:746.3,746.18 1 1
github.com/oliveagle/jsonpath/jsonpath.go:747.10,748.84 1 1
github.com/oliveagle/jsonpath/jsonpath.go:758.79,764.29 5 1
github.com/oliveagle/jsonpath/jsonpath.go:764.29,765.12 1 1
github.com/oliveagle/jsonpath/jsonpath.go:766.13,767.22 1 1
github.com/oliveagle/jsonpath/jsonpath.go:767.22,769.5 1 1
github.com/oliveagle/jsonpath/jsonpath.go:769.10,769.29 1 1
github.com/oliveagle/jsonpath/jsonpath.go:769.29,771.5 1 1
github.com/oliveagle/jsonpath/jsonpath.go:771.10,773.5 1 1
github.com/oliveagle/jsonpath/jsonpath.go:774.4,774.12 1 1
github.com/oliveagle/jsonpath/jsonpath.go:775.12,776.22 1 1
github.com/oliveagle/jsonpath/jsonpath.go:776.22,778.5 1 1
github.com/oliveagle/jsonpath/jsonpath.go:778.10,778.29 1 1
github.com/oliveagle/jsonpath/jsonpath.go:778.29,780.5 1 1
github.com/oliveagle/jsonpath/jsonpath.go:780.10,782.5 1 1
github.com/oliveagle/jsonpath/jsonpath.go:783.4,783.12 1 1
github.com/oliveagle/jsonpath/jsonpath.go:784.12,785.22 1 1
github.com/oliveagle/jsonpath/jsonpath.go:785.22,787.5 1 1
github.com/oliveagle/jsonpath/jsonpath.go:788.4,789.12 2 1
github.com/oliveagle/jsonpath/jsonpath.go:790.12,791.22 1 1
github.com/oliveagle/jsonpath/jsonpath.go:791.22,793.5 1 1
github.com/oliveagle/jsonpath/jsonpath.go:794.4,795.12 2 1
github.com/oliveagle/jsonpath/jsonpath.go:796.12,797.40 1 1
github.com/oliveagle/jsonpath/jsonpath.go:797.40,800.13 2 1
github.com/oliveagle/jsonpath/jsonpath.go:802.4,802.17 1 1
github.com/oliveagle/jsonpath/jsonpath.go:802.17,803.18 1 1
github.com/oliveagle/jsonpath/jsonpath.go:804.12,805.14 1 1
github.com/oliveagle/jsonpath/jsonpath.go:806.12,807.14 1 1
github.com/oliveagle/jsonpath/jsonpath.go:808.12,809.14 1 1
github.com/oliveagle/jsonpath/jsonpath.go:811.5,813.18 3 1
github.com/oliveagle/jsonpath/jsonpath.go:813.18,815.6 1 1
github.com/oliveagle/jsonpath/jsonpath.go:817.11,818.20 1 1
github.com/oliveagle/jsonpath/jsonpath.go:821.2,821.15 1 1
github.com/oliveagle/jsonpath/jsonpath.go:821.15,822.16 1 1
github.com/oliveagle/jsonpath/jsonpath.go:823.10,825.48 2 1
github.com/oliveagle/jsonpath/jsonpath.go:825.48,829.5 1 1
github.com/oliveagle/jsonpath/jsonpath.go:830.10,831.12 1 1
github.com/oliveagle/jsonpath/jsonpath.go:832.10,833.12 1 1
github.com/oliveagle/jsonpath/jsonpath.go:836.2,836.24 1 1
github.com/oliveagle/jsonpath/jsonpath.go:878.98,879.16 1 1
github.com/oliveagle/jsonpath/jsonpath.go:879.16,881.3 1 1
github.com/oliveagle/jsonpath/jsonpath.go:882.2,883.16 2 1
github.com/oliveagle/jsonpath/jsonpath.go:883.16,885.3 1 1
github.com/oliveagle/jsonpath/jsonpath.go:886.2,886.26 1 1
github.com/oliveagle/jsonpath/jsonpath.go:887.14,888.33 1 1
github.com/oliveagle/jsonpath/jsonpath.go:889.10,890.76 1 1
github.com/oliveagle/jsonpath/jsonpath.go:894.70,896.32 1 1
github.com/oliveagle/jsonpath/jsonpath.go:896.32,898.3 1 1
github.com/oliveagle/jsonpath/jsonpath.go:900.2,901.33 2 1
github.com/oliveagle/jsonpath/jsonpath.go:901.33,903.3 1 1
github.com/oliveagle/jsonpath/jsonpath.go:903.8,903.40 1 1
github.com/oliveagle/jsonpath/jsonpath.go:903.40,905.3 1 1
github.com/oliveagle/jsonpath/jsonpath.go:905.8,907.3 1 1
github.com/oliveagle/jsonpath/jsonpath.go:908.2,908.18 1 1
github.com/oliveagle/jsonpath/jsonpath.go:912.80,915.25 2 1
github.com/oliveagle/jsonpath/jsonpath.go:915.25,916.15 1 1
github.com/oliveagle/jsonpath/jsonpath.go:916.15,918.9 2 1
github.com/oliveagle/jsonpath/jsonpath.go:922.2,922.18 1 1
github.com/oliveagle/jsonpath/jsonpath.go:922.18,924.3 1 1
github.com/oliveagle/jsonpath/jsonpath.go:926.2,932.41 5 1
github.com/oliveagle/jsonpath/jsonpath.go:932.41,933.21 1 1
github.com/oliveagle/jsonpath/jsonpath.go:933.21,935.4 1 0
github.com/oliveagle/jsonpath/jsonpath.go:935.9,935.28 1 1
github.com/oliveagle/jsonpath/jsonpath.go:935.28,937.18 2 1
github.com/oliveagle/jsonpath/jsonpath.go:937.18,939.10 2 1
github.com/oliveagle/jsonpath/jsonpath.go:944.2,944.17 1 1
github.com/oliveagle/jsonpath/jsonpath.go:944.17,946.3 1 1
github.com/oliveagle/jsonpath/jsonpath.go:948.2,955.28 6 1
github.com/oliveagle/jsonpath/jsonpath.go:955.28,956.21 1 1
github.com/oliveagle/jsonpath/jsonpath.go:956.21,957.22 1 1
github.com/oliveagle/jsonpath/jsonpath.go:957.22,959.5 1 1
github.com/oliveagle/jsonpath/jsonpath.go:960.4,961.12 2 1
github.com/oliveagle/jsonpath/jsonpath.go:963.3,963.28 1 1
github.com/oliveagle/jsonpath/jsonpath.go:963.28,966.12 3 1
github.com/oliveagle/jsonpath/jsonpath.go:968.3,968.15 1 1
github.com/oliveagle/jsonpath/jsonpath.go:968.15,970.4 1 0
github.com/oliveagle/jsonpath/jsonpath.go:970.9,970.22 1 1
github.com/oliveagle/jsonpath/jsonpath.go:970.22,972.4 1 0
github.com/oliveagle/jsonpath/jsonpath.go:972.9,972.39 1 1
github.com/oliveagle/jsonpath/jsonpath.go:972.39,975.12 3 1
github.com/oliveagle/jsonpath/jsonpath.go:977.3,977.23 1 1
github.com/oliveagle/jsonpath/jsonpath.go:979.2,979.19 1 1
github.com/oliveagle/jsonpath/jsonpath.go:979.19,981.3 1 1
github.com/oliveagle/jsonpath/jsonpath.go:984.2,984.18 1 1
github.com/oliveagle/jsonpath/jsonpath.go:985.15,986.37 1 1
github.com/oliveagle/jsonpath/jsonpath.go:987.15,988.37 1 1
github.com/oliveagle/jsonpath/jsonpath.go:989.16,990.38 1 1
github.com/oliveagle/jsonpath/jsonpath.go:991.16,992.38 1 0
github.com/oliveagle/jsonpath/jsonpath.go:993.10,994.65 1 1
github.com/oliveagle/jsonpath/jsonpath.go:999.76,1000.20 1 1
github.com/oliveagle/jsonpath/jsonpath.go:1000.20,1002.3 1 1
github.com/oliveagle/jsonpath/jsonpath.go:1004.2,1007.29 2 1
github.com/oliveagle/jsonpath/jsonpath.go:1007.29,1009.18 1 1
github.com/oliveagle/jsonpath/jsonpath.go:1009.18,1011.4 1 1
github.com/oliveagle/jsonpath/jsonpath.go:1012.3,1013.20 2 1
github.com/oliveagle/jsonpath/jsonpath.go:1014.37,1015.24 1 1
github.com/oliveagle/jsonpath/jsonpath.go:1016.11,1018.17 1 1
github.com/oliveagle/jsonpath/jsonpath.go:1022.2,1023.34 2 1
github.com/oliveagle/jsonpath/jsonpath.go:1023.34,1025.3 1 1
github.com/oliveagle/jsonpath/jsonpath.go:1025.8,1025.41 1 1
github.com/oliveagle/jsonpath/jsonpath.go:1025.41,1027.3 1 1
github.com/oliveagle/jsonpath/jsonpath.go:1027.8,1030.3 1 1
github.com/oliveagle/jsonpath/jsonpath.go:1033.2,1033.20 1 1
github.com/oliveagle/jsonpath/jsonpath.go:1033.20,1035.3 1 0
github.com/oliveagle/jsonpath/jsonpath.go:1036.2,1036.29 1 1
github.com/oliveagle/jsonpath/jsonpath.go:1037.21,1038.21 1 1
github.com/oliveagle/jsonpath/jsonpath.go:1039.10,1041.16 1 1
github.com/oliveagle/jsonpath/jsonpath.go:1046.76,1047.20 1 1
github.com/oliveagle/jsonpath/jsonpath.go:1047.20,1049.3 1 1
github.com/oliveagle/jsonpath/jsonpath.go:1052.2,1053.38 2 1
github.com/oliveagle/jsonpath/jsonpath.go:1053.38,1055.17 2 1
github.com/oliveagle/jsonpath/jsonpath.go:1055.17,1057.4 1 0
github.com/oliveagle/jsonpath/jsonpath.go:1058.3,1058.15 1 1
github.com/oliveagle/jsonpath/jsonpath.go:1058.15,1060.4 1 1
github.com/oliveagle/jsonpath/jsonpath.go:1061.3,1061.32 1 1
github.com/oliveagle/jsonpath/jsonpath.go:1062.8,1062.45 1 1
github.com/oliveagle/jsonpath/jsonpath.go:1062.45,1064.17 2 1
github.com/oliveagle/jsonpath/jsonpath.go:1064.17,1066.4 1 0
github.com/oliveagle/jsonpath/jsonpath.go:1067.3,1067.15 1 1
github.com/oliveagle/jsonpath/jsonpath.go:1067.15,1069.4 1 1
github.com/oliveagle/jsonpath/jsonpath.go:1070.3,1070.32 1 0
github.com/oliveagle/jsonpath/jsonpath.go:1071.8,1073.3 1 1
github.com/oliveagle/jsonpath/jsonpath.go:1076.2,1081.16 4 1
github.com/oliveagle/jsonpath/jsonpath.go:1081.16,1083.3 1 1
github.com/oliveagle/jsonpath/jsonpath.go:1085.2,1085.36 1 1
github.com/oliveagle/jsonpath/jsonpath.go:1089.77,1090.20 1 1
github.com/oliveagle/jsonpath/jsonpath.go:1090.20,1092.3 1 1
github.com/oliveagle/jsonpath/jsonpath.go:1095.2,1096.38 2 1
github.com/oliveagle/jsonpath/jsonpath.go:1096.38,1098.17 2 1
github.com/oliveagle/jsonpath/jsonpath.go:1098.17,1100.4 1 0
github.com/oliveagle/jsonpath/jsonpath.go:1101.3,1101.15 1 1
github.com/oliveagle/jsonpath/jsonpath.go:1101.15,1103.4 1 1
github.com/oliveagle/jsonpath/jsonpath.go:1104.3,1104.32 1 1
github.com/oliveagle/jsonpath/jsonpath.go:1105.8,1105.45 1 1
github.com/oliveagle/jsonpath/jsonpath.go:1105.45,1107.17 2 1
github.com/oliveagle/jsonpath/jsonpath.go:1107.17,1109.4 1 0
github.com/oliveagle/jsonpath/jsonpath.go:1110.3,1110.15 1 1
github.com/oliveagle/jsonpath/jsonpath.go:1110.15,1112.4 1 1
github.com/oliveagle/jsonpath/jsonpath.go:1113.3,1113.32 1 0
github.com/oliveagle/jsonpath/jsonpath.go:1114.8,1116.3 1 1
github.com/oliveagle/jsonpath/jsonpath.go:1119.2,1124.16 4 1
github.com/oliveagle/jsonpath/jsonpath.go:1124.16,1126.3 1 1
github.com/oliveagle/jsonpath/jsonpath.go:1128.2,1128.36 1 1
github.com/oliveagle/jsonpath/jsonpath.go:1132.77,1133.20 1 1
github.com/oliveagle/jsonpath/jsonpath.go:1133.20,1135.3 1 1
github.com/oliveagle/jsonpath/jsonpath.go:1137.2,1138.38 2 1
github.com/oliveagle/jsonpath/jsonpath.go:1138.38,1140.3 1 1
github.com/oliveagle/jsonpath/jsonpath.go:1140.8,1140.45 1 1
github.com/oliveagle/jsonpath/jsonpath.go:1140.45,1142.3 1 1
github.com/oliveagle/jsonpath/jsonpath.go:1142.8,1144.3 1 1
github.com/oliveagle/jsonpath/jsonpath.go:1146.2,1146.24 1 1
github.com/oliveagle/jsonpath/jsonpath.go:1149.82,1153.14 2 1
github.com/oliveagle/jsonpath/jsonpath.go:1153.14,1155.3 1 1
github.com/oliveagle/jsonpath/jsonpath.go:1157.2,1157.20 1 1
github.com/oliveagle/jsonpath/jsonpath.go:1157.20,1160.33 1 1
github.com/oliveagle/jsonpath/jsonpath.go:1160.33,1163.28 1 1
github.com/oliveagle/jsonpath/jsonpath.go:1164.14,1165.18 1 1
github.com/oliveagle/jsonpath/jsonpath.go:1166.58,1168.23 1 0
github.com/oliveagle/jsonpath/jsonpath.go:1169.12,1171.28 1 0
github.com/oliveagle/jsonpath/jsonpath.go:1174.3,1174.26 1 1
github.com/oliveagle/jsonpath/jsonpath.go:1175.8,1175.23 1 1
github.com/oliveagle/jsonpath/jsonpath.go:1175.23,1177.3 1 1
github.com/oliveagle/jsonpath/jsonpath.go:1177.8,1179.34 2 1
github.com/oliveagle/jsonpath/jsonpath.go:1179.34,1181.4 1 1
github.com/oliveagle/jsonpath/jsonpath.go:1181.9,1181.41 1 1
github.com/oliveagle/jsonpath/jsonpath.go:1181.41,1183.4 1 1
github.com/oliveagle/jsonpath/jsonpath.go:1183.9,1185.4 1 1
github.com/oliveagle/jsonpath/jsonpath.go:1187.3,1187.33 1 1
github.com/oliveagle/jsonpath/jsonpath.go:1192.71,1193.18 1 1
github.com/oliveagle/jsonpath/jsonpath.go:1194.16,1195.25 1 1
github.com/oliveagle/jsonpath/jsonpath.go:1196.10,1197.65 1 1
github.com/oliveagle/jsonpath/jsonpath.go:1202.55,1203.16 1 1
github.com/oliveagle/jsonpath/jsonpath.go:1203.16,1205.3 1 1
github.com/oliveagle/jsonpath/jsonpath.go:1206.2,1206.25 1 1
github.com/oliveagle/jsonpath/jsonpath.go:1207.21,1208.21 1 1
github.com/oliveagle/jsonpath/jsonpath.go:1209.14,1210.21 1 1
github.com/oliveagle/jsonpath/jsonpath.go:1211.30,1212.21 1 1
github.com/oliveagle/jsonpath/jsonpath.go:1213.10,1216.20 2 1
github.com/oliveagle/jsonpath/jsonpath.go:1217.66,1218.24 1 1
github.com/oliveagle/jsonpath/jsonpath.go:1219.11,1220.70 1 1
github.com/oliveagle/jsonpath/jsonpath.go:1225.35,1226.23 1 1
github.com/oliveagle/jsonpath/jsonpath.go:1227.38,1228.14 1 1
github.com/oliveagle/jsonpath/jsonpath.go:1229.43,1230.14 1 1
github.com/oliveagle/jsonpath/jsonpath.go:1231.24,1232.14 1 1
github.com/oliveagle/jsonpath/jsonpath.go:1233.14,1235.17 2 1
github.com/oliveagle/jsonpath/jsonpath.go:1235.17,1237.4 1 1
github.com/oliveagle/jsonpath/jsonpath.go:1237.9,1239.4 1 1
github.com/oliveagle/jsonpath/jsonpath.go:1241.2,1241.14 1 1
github.com/oliveagle/jsonpath/jsonpath.go:1244.63,1245.12 1 1
github.com/oliveagle/jsonpath/jsonpath.go:1246.34,1246.34 0 1
github.com/oliveagle/jsonpath/jsonpath.go:1247.10,1248.68 1 1
github.com/oliveagle/jsonpath/jsonpath.go:1251.2,1252.38 2 1
github.com/oliveagle/jsonpath/jsonpath.go:1252.38,1254.3 1 1
github.com/oliveagle/jsonpath/jsonpath.go:1254.8,1256.3 1 1
github.com/oliveagle/jsonpath/jsonpath.go:1258.2,1260.16 3 1
github.com/oliveagle/jsonpath/jsonpath.go:1260.16,1262.3 1 0
github.com/oliveagle/jsonpath/jsonpath.go:1263.2,1263.95 1 1
github.com/oliveagle/jsonpath/jsonpath.go:1263.95,1265.3 1 0
github.com/oliveagle/jsonpath/jsonpath.go:1266.2,1266.34 1 1
github.com/oliveagle/jsonpath/jsonpath.go:1266.34,1268.3 1 1
github.com/oliveagle/jsonpath/jsonpath.go:1270.2,1270.19 1 1
github.com/oliveagle/jsonpath/jsonpath.go:1273.55,1276.35 3 1
github.com/oliveagle/jsonpath/jsonpath.go:1276.35,1279.19 3 1
github.com/oliveagle/jsonpath/jsonpath.go:1279.19,1281.4 1 0
github.com/oliveagle/jsonpath/jsonpath.go:1283.3,1284.26 2 1
github.com/oliveagle/jsonpath/jsonpath.go:1284.26,1286.20 2 1
github.com/oliveagle/jsonpath/jsonpath.go:1286.20,1288.5 1 1
github.com/oliveagle/jsonpath/jsonpath.go:1289.4,1289.19 1 1
github.com/oliveagle/jsonpath/jsonpath.go:1292.3,1292.15 1 1
github.com/oliveagle/jsonpath/jsonpath.go:1293.20,1294.34 1 1
github.com/oliveagle/jsonpath/jsonpath.go:1294.34,1296.5 1 1
github.com/oliveagle/jsonpath/jsonpath.go:1297.37,1298.33 1 1
github.com/oliveagle/jsonpath/jsonpath.go:1298.33,1300.5 1 1
github.com/oliveagle/jsonpath/jsonpath.go:1303.2,1304.12 2 1
github.com/oliveagle/jsonpath/jsonpath.go:1313.89,1315.16 2 1
github.com/oliveagle/jsonpath/jsonpath.go:1315.16,1317.3 1 1
github.com/oliveagle/jsonpath/jsonpath.go:1318.2,1318.26 1 1
github.com/oliveagle/jsonpath/jsonpath.go:1322.81,1327.23 2 1
github.com/oliveagle/jsonpath/jsonpath.go:1327.23,1329.3 1 1
github.com/oliveagle/jsonpath/jsonpath.go:1332.2,1333.16 2 1
github.com/oliveagle/jsonpath/jsonpath.go:1333.16,1335.3 1 1
github.com/oliveagle/jsonpath/jsonpath.go:1336.2,1336.20 1 1
github.com/oliveagle/jsonpath/jsonpath.go:1340.100,1341.23 1 1
github.com/oliveagle/jsonpath/jsonpath.go:1341.23,1343.3 1 1
github.com/oliveagle/jsonpath/jsonpath.go:1345.2,1347.17 2 1
github.com/oliveagle/jsonpath/jsonpath.go:1348.13,1349.51 1 1
github.com/oliveagle/jsonpath/jsonpath.go:1350.13,1351.47 1 1
github.com/oliveagle/jsonpath/jsonpath.go:1352.15,1353.49 1 1
github.com/oliveagle/jsonpath/jsonpath.go:1354.10,1355.71 1 1
github.com/oliveagle/jsonpath/jsonpath.go:1360.106,1361.16 1 1
github.com/oliveagle/jsonpath/jsonpath.go:1361.16,1363.3 1 1
github.com/oliveagle/jsonpath/jsonpath.go:1365.2,1366.18 2 1
github.com/oliveagle/jsonpath/jsonpath.go:1366.18,1368.3 1 0
github.com/oliveagle/jsonpath/jsonpath.go:1371.2,1371.35 1 1
github.com/oliveagle/jsonpath/jsonpath.go:1371.35,1373.19 2 0
github.com/oliveagle/jsonpath/jsonpath.go:1373.19,1375.4 1 0
github.com/oliveagle/jsonpath/jsonpath.go:1378.2,1378.18 1 1
github.com/oliveagle/jsonpath/jsonpath.go:1379.19,1381.16 1 1
github.com/oliveagle/jsonpath/jsonpath.go:1381.16,1383.4 1 0
github.com/oliveagle/jsonpath/jsonpath.go:1386.3,1387.38 2 1
github.com/oliveagle/jsonpath/jsonpath.go:1387.38,1389.4 1 1
github.com/oliveagle/jsonpath/jsonpath.go:1392.3,1392.26 1 1
github.com/oliveagle/jsonpath/jsonpath.go:1392.26,1396.4 2 1
github.com/oliveagle/jsonpath/jsonpath.go:1396.9,1400.29 3 1
github.com/oliveagle/jsonpath/jsonpath.go:1400.29,1402.5 1 0
github.com/oliveagle/jsonpath/jsonpath.go:1403.4,1404.18 2 1
github.com/oliveagle/jsonpath/jsonpath.go:1404.18,1406.5 1 1
github.com/oliveagle/jsonpath/jsonpath.go:1407.4,1407.55 1 1
github.com/oliveagle/jsonpath/jsonpath.go:1409.3,1409.33 1 1
github.com/oliveagle/jsonpath/jsonpath.go:1411.22,1414.37 2 1
github.com/oliveagle/jsonpath/jsonpath.go:1414.37,1416.25 2 1
github.com/oliveagle/jsonpath/jsonpath.go:1416.25,1418.10 2 1
github.com/oliveagle/jsonpath/jsonpath.go:1420.4,1420.47 1 1
github.com/oliveagle/jsonpath/jsonpath.go:1420.47,1421.54 1 1
github.com/oliveagle/jsonpath/jsonpath.go:1421.54,1423.11 2 1
github.com/oliveagle/jsonpath/jsonpath.go:1428.3,1428.19 1 1
github.com/oliveagle/jsonpath/jsonpath.go:1428.19,1430.4 1 1
github.com/oliveagle/jsonpath/jsonpath.go:1433.3,1434.37 2 1
github.com/oliveagle/jsonpath/jsonpath.go:1434.37,1435.21 1 1
github.com/oliveagle/jsonpath/jsonpath.go:1435.21,1436.28 1 1
github.com/oliveagle/jsonpath/jsonpath.go:1436.28,1438.6 1 1
github.com/oliveagle/jsonpath/jsonpath.go:1438.11,1440.20 2 1
github.com/oliveagle/jsonpath/jsonpath.go:1440.20,1442.7 1 0
github.com/oliveagle/jsonpath/jsonpath.go:1443.6,1443.53 1 1
github.com/oliveagle/jsonpath/jsonpath.go:1445.10,1447.5 1 1
github.com/oliveagle/jsonpath/jsonpath.go:1449.3,1449.36 1 1
github.com/oliveagle/jsonpath/jsonpath.go:1451.10,1452.80 1 1
github.com/oliveagle/jsonpath/jsonpath.go:1457.105,1458.16 1 1
github.com/oliveagle/jsonpath/jsonpath.go:1458.16,1460.3 1 1
github.com/oliveagle/jsonpath/jsonpath.go:1463.2,1467.23 3 1
github.com/oliveagle/jsonpath/jsonpath.go:1467.23,1472.17 5 1
github.com/oliveagle/jsonpath/jsonpath.go:1472.17,1474.4 1 1
github.com/oliveagle/jsonpath/jsonpath.go:1477.2,1479.35 2 1
github.com/oliveagle/jsonpath/jsonpath.go:1479.35,1481.19 2 0
github.com/oliveagle/jsonpath/jsonpath.go:1481.19,1483.4 1 0
github.com/oliveagle/jsonpath/jsonpath.go:1485.2,1485.31 1 1
github.com/oliveagle/jsonpath/jsonpath.go:1485.31,1487.3 1 1
github.com/oliveagle/jsonpath/jsonpath.go:1490.2,1491.23 2 1
github.com/oliveagle/jsonpath/jsonpath.go:1491.23,1493.3 1 0
github.com/oliveagle/jsonpath/jsonpath.go:1496.2,1500.19 3 1
github.com/oliveagle/jsonpath/jsonpath.go:1500.19,1502.3 1 1
github.com/oliveagle/jsonpath/jsonpath.go:1504.2,1504.42 1 1
github.com/oliveagle/jsonpath/jsonpath.go:1504.42,1506.3 1 1
github.com/oliveagle/jsonpath/jsonpath.go:1509.2,1510.30 2 1
github.com/oliveagle/jsonpath/jsonpath.go:1510.30,1511.21 1 1
github.com/oliveagle/jsonpath/jsonpath.go:1511.21,1512.27 1 1
github.com/oliveagle/jsonpath/jsonpath.go:1512.27,1515.5 1 1
github.com/oliveagle/jsonpath/jsonpath.go:1515.10,1518.19 2 1
github.com/oliveagle/jsonpath/jsonpath.go:1518.19,1520.6 1 0
github.com/oliveagle/jsonpath/jsonpath.go:1521.5,1521.51 1 1
github.com/oliveagle/jsonpath/jsonpath.go:1523.9,1525.4 1 1
github.com/oliveagle/jsonpath/jsonpath.go:1529.2,1529.21 1 1
github.com/oliveagle/jsonpath/jsonpath.go:1529.21,1532.40 2 1
github.com/oliveagle/jsonpath/jsonpath.go:1532.40,1534.4 1 0
github.com/oliveagle/jsonpath/jsonpath.go:1535.3,1535.34 1 1
github.com/oliveagle/jsonpath/jsonpath.go:1535.34,1537.4 1 0
github.com/oliveagle/jsonpath/jsonpath.go:1540.3,1541.42 2 1
github.com/oliveagle/jsonpath/jsonpath.go:1541.42,1542.35 1 1
github.com/oliveagle/jsonpath/jsonpath.go:1542.35,1544.5 1 1
github.com/oliveagle/jsonpath/jsonpath.go:1544.10,1546.5 1 1
github.com/oliveagle/jsonpath/jsonpath.go:1548.3,1548.33 1 1
github.com/oliveagle/jsonpath/jsonpath.go:1551.2,1551.34 1 1
github.com/oliveagle/jsonpath/jsonpath.go:1555.107,1556.16 1 1
github.com/oliveagle/jsonpath/jsonpath.go:1556.16,1558.3 1 1
github.com/oliveagle/jsonpath/jsonpath.go:1561.2,1561.23 1 1
github.com/oliveagle/jsonpath/jsonpath.go:1561.23,1564.17 3 1
github.com/oliveagle/jsonpath/jsonpath.go:1564.17,1566.4 1 1
github.com/oliveagle/jsonpath/jsonpath.go:1569.2,1571.35 2 1
github.com/oliveagle/jsonpath/jsonpath.go:1571.35,1573.19 2 0
github.com/oliveagle/jsonpath/jsonpath.go:1573.19,1575.4 1 0
github.com/oliveagle/jsonpath/jsonpath.go:1577.2,1577.31 1 1
github.com/oliveagle/jsonpath/jsonpath.go:1577.31,1579.3 1 1
github.com/oliveagle/jsonpath/jsonpath.go:1581.2,1586.20 4 1
github.com/oliveagle/jsonpath/jsonpath.go:1586.20,1588.15 2 1
github.com/oliveagle/jsonpath/jsonpath.go:1588.15,1590.4 1 1
github.com/oliveagle/jsonpath/jsonpath.go:1594.2,1595.20 2 1
github.com/oliveagle/jsonpath/jsonpath.go:1595.20,1597.13 2 1
github.com/oliveagle/jsonpath/jsonpath.go:1597.13,1599.4 1 1
github.com/oliveagle/jsonpath/jsonpath.go:1603.2,1603.14 1 1
github.com/oliveagle/jsonpath/jsonpath.go:1603.14,1605.3 1 1
github.com/oliveagle/jsonpath/jsonpath.go:1606.2,1606.17 1 1
github.com/oliveagle/jsonpath/jsonpath.go:1606.17,1608.3 1 1
github.com/oliveagle/jsonpath/jsonpath.go:1609.2,1609.15 1 1
github.com/oliveagle/jsonpath/jsonpath.go:1609.15,1611.3 1 1
github.com/oliveagle/jsonpath/jsonpath.go:1614.2,1615.30 2 1
github.com/oliveagle/jsonpath/jsonpath.go:1615.30,1616.26 1 1
github.com/oliveagle/jsonpath/jsonpath.go:1616.26,1617.27 1 1
github.com/oliveagle/jsonpath/jsonpath.go:1617.27,1620.5 1 1
github.com/oliveagle/jsonpath/jsonpath.go:1620.10,1623.19 2 1
github.com/oliveagle/jsonpath/jsonpath.go:1623.19,1625.6 1 0
github.com/oliveagle/jsonpath/jsonpath.go:1626.5,1626.51 1 1
github.com/oliveagle/jsonpath/jsonpath.go:1628.9,1630.4 1 1
github.com/oliveagle/jsonpath/jsonpath.go:1633.2,1633.34 1 1
github.com/oliveagle/jsonpath/jsonpath.go:1637.44,1638.16 1 1
github.com/oliveagle/jsonpath/jsonpath.go:1638.16,1640.3 1 1
github.com/oliveagle/jsonpath/jsonpath.go:1642.2,1643.18 2 1
github.com/oliveagle/jsonpath/jsonpath.go:1643.18,1645.3 1 0
github.com/oliveagle/jsonpath/jsonpath.go:1647.2,1647.18 1 1
github.com/oliveagle/jsonpath/jsonpath.go:1648.19,1649.16 1 1
github.com/oliveagle/jsonpath/jsonpath.go:1649.16,1651.4 1 1
github.com/oliveagle/jsonpath/jsonpath.go:1652.3,1653.35 2 1
github.com/oliveagle/jsonpath/jsonpath.go:1653.35,1655.4 1 1
github.com/oliveagle/jsonpath/jsonpath.go:1656.3,1656.28 1 1
github.com/oliveagle/jsonpath/jsonpath.go:1658.21,1659.16 1 1
github.com/oliveagle/jsonpath/jsonpath.go:1659.16,1661.4 1 1
github.com/oliveagle/jsonpath/jsonpath.go:1662.3,1663.32 2 1
github.com/oliveagle/jsonpath/jsonpath.go:1663.32,1665.4 1 1
github.com/oliveagle/jsonpath/jsonpath.go:1666.3,1666.30 1 1
github.com/oliveagle/jsonpath/jsonpath.go:1668.19,1669.16 1 1
github.com/oliveagle/jsonpath/jsonpath.go:1669.16,1671.4 1 1
github.com/oliveagle/jsonpath/jsonpath.go:1672.3,1675.28 4 1
github.com/oliveagle/jsonpath/jsonpath.go:1677.22,1679.37 2 1
github.com/oliveagle/jsonpath/jsonpath.go:1679.37,1681.4 1 1
github.com/oliveagle/jsonpath/jsonpath.go:1682.3,1682.31 1 1
github.com/oliveagle/jsonpath/jsonpath.go:1684.10,1686.13 1 1
github.com/oliveagle/jsonpath/jsonpath.go:1691.51,1692.18 1 1
github.com/oliveagle/jsonpath/jsonpath.go:1692.18,1694.3 1 1
github.com/oliveagle/jsonpath/jsonpath.go:1696.2,1696.18 1 1
github.com/oliveagle/jsonpath/jsonpath.go:1697.25,1699.16 1 1
github.com/oliveagle/jsonpath/jsonpath.go:1699.16,1701.4 1 0
github.com/oliveagle/jsonpath/jsonpath.go:1702.3,1702.57 1 1
github.com/oliveagle/jsonpath/jsonpath.go:1704.63,1706.33 2 1
github.com/oliveagle/jsonpath/jsonpath.go:1708.10,1709.11 1 1
